
--------------------------------------------------------------------------------

Program: flowproc V23.1 A01 Jul 11 2023
Started: 11:12:09 14-Feb-2025

Flowproc

Command Line: /flow=d:\086 local test ncode\metadata_export_01.flo /script=d:\086 local test ncode\metadata_export_01.script /verbose=yes /batlog=d:\086 local test ncode\metadata_export_01.log

nCode (R) Flow Processor Version 1.20
Copyright (C) Hottinger Bruel & Kjaer UK Ltd 2025. All rights reserved

Processing flow file d:\086 local test ncode\metadata_export_01.flo - all programs
Glyph 'WS1.TSInput1' successfully processed the command 'ClearFiles'
Glyph 'WS1.TSInput1' successfully processed the command 'AddFiles'

Program 0 [WS1] - 2 steps...
Program 0 OK

Ran 1 program 

--------------------------------------------------------------------------------

Program: flowproc V23.1 A01 Jul 11 2023
Started: 11:17:08 14-Feb-2025

Flowproc

Command Line: /flow=d:\086 local test ncode\metadata_export_01.flo /script=d:\086 local test ncode\metadata_export_01.script /verbose=yes /batlog=d:\086 local test ncode\metadata_export_01.log

nCode (R) Flow Processor Version 1.20
Copyright (C) Hottinger Bruel & Kjaer UK Ltd 2025. All rights reserved

Processing flow file d:\086 local test ncode\metadata_export_01.flo - all programs
Glyph 'WS1.TSInput1' successfully processed the command 'ClearFiles'
Glyph 'WS1.TSInput1' successfully processed the command 'AddFiles'

Program 0 [WS1] - 2 steps...
Program 0 OK

Ran 1 program 

--------------------------------------------------------------------------------

Program: flowproc V23.1 A01 Jul 11 2023
Started: 11:21:52 14-Feb-2025

Flowproc

Command Line: /flow=d:\086 local test ncode\metadata_export_01.flo /script=d:\086 local test ncode\metadata_export_01.script /verbose=yes /batlog=d:\086 local test ncode\metadata_export_01.log

nCode (R) Flow Processor Version 1.20
Copyright (C) Hottinger Bruel & Kjaer UK Ltd 2025. All rights reserved

Processing flow file d:\086 local test ncode\metadata_export_01.flo - all programs
Glyph 'WS1.TSInput1' successfully processed the command 'ClearFiles'
Glyph 'WS1.TSInput1' successfully processed the command 'AddFiles'

Program 0 [WS1] - 2 steps...
Program 0 OK

Ran 1 program 

--------------------------------------------------------------------------------

Program: flowproc V23.1 A01 Jul 11 2023
Started: 11:21:54 14-Feb-2025

Flowproc

Command Line: /flow=d:\086 local test ncode\metadata_export_01.flo /script=d:\086 local test ncode\metadata_export_01.script /verbose=yes /batlog=d:\086 local test ncode\metadata_export_01.log

nCode (R) Flow Processor Version 1.20
Copyright (C) Hottinger Bruel & Kjaer UK Ltd 2025. All rights reserved

Processing flow file d:\086 local test ncode\metadata_export_01.flo - all programs
Glyph 'WS1.TSInput1' successfully processed the command 'ClearFiles'
Glyph 'WS1.TSInput1' successfully processed the command 'AddFiles'

Program 0 [WS1] - 2 steps...
Program 0 OK

Ran 1 program 

--------------------------------------------------------------------------------

Program: flowproc V23.1 A01 Jul 11 2023
Started: 11:21:57 14-Feb-2025

Flowproc

Command Line: /flow=d:\086 local test ncode\metadata_export_01.flo /script=d:\086 local test ncode\metadata_export_01.script /verbose=yes /batlog=d:\086 local test ncode\metadata_export_01.log

nCode (R) Flow Processor Version 1.20
Copyright (C) Hottinger Bruel & Kjaer UK Ltd 2025. All rights reserved

Processing flow file d:\086 local test ncode\metadata_export_01.flo - all programs
Glyph 'WS1.TSInput1' successfully processed the command 'ClearFiles'
Glyph 'WS1.TSInput1' successfully processed the command 'AddFiles'

Program 0 [WS1] - 2 steps...
Program 0 OK

Ran 1 program 

--------------------------------------------------------------------------------

Program: flowproc V23.1 A01 Jul 11 2023
Started: 11:25:20 14-Feb-2025

Flowproc

Command Line: /flow=d:\086 local test ncode\metadata_export_01.flo /script=d:\086 local test ncode\metadata_export_01.script /verbose=yes /batlog=d:\086 local test ncode\metadata_export_01.log

nCode (R) Flow Processor Version 1.20
Copyright (C) Hottinger Bruel & Kjaer UK Ltd 2025. All rights reserved

Processing flow file d:\086 local test ncode\metadata_export_01.flo - all programs
Glyph 'WS1.TSInput1' successfully processed the command 'ClearFiles'
Glyph 'WS1.TSInput1' successfully processed the command 'AddFiles'

Program 0 [WS1] - 2 steps...
Program 0 OK

Ran 1 program 

--------------------------------------------------------------------------------

Program: flowproc V23.1 A01 Jul 11 2023
Started: 11:25:23 14-Feb-2025

Flowproc

Command Line: /flow=d:\086 local test ncode\metadata_export_01.flo /script=d:\086 local test ncode\metadata_export_01.script /verbose=yes /batlog=d:\086 local test ncode\metadata_export_01.log

nCode (R) Flow Processor Version 1.20
Copyright (C) Hottinger Bruel & Kjaer UK Ltd 2025. All rights reserved

Processing flow file d:\086 local test ncode\metadata_export_01.flo - all programs
Glyph 'WS1.TSInput1' successfully processed the command 'ClearFiles'
Glyph 'WS1.TSInput1' successfully processed the command 'AddFiles'

Program 0 [WS1] - 2 steps...
Program 0 OK

Ran 1 program 

--------------------------------------------------------------------------------

Program: flowproc V23.1 A01 Jul 11 2023
Started: 11:25:26 14-Feb-2025

Flowproc

Command Line: /flow=d:\086 local test ncode\metadata_export_01.flo /script=d:\086 local test ncode\metadata_export_01.script /verbose=yes /batlog=d:\086 local test ncode\metadata_export_01.log

nCode (R) Flow Processor Version 1.20
Copyright (C) Hottinger Bruel & Kjaer UK Ltd 2025. All rights reserved

Processing flow file d:\086 local test ncode\metadata_export_01.flo - all programs
Glyph 'WS1.TSInput1' successfully processed the command 'ClearFiles'
Glyph 'WS1.TSInput1' successfully processed the command 'AddFiles'

Program 0 [WS1] - 2 steps...
Program 0 OK

Ran 1 program 

--------------------------------------------------------------------------------

Program: flowproc V23.1 A01 Jul 11 2023
Started: 11:30:34 14-Feb-2025

Flowproc

Command Line: /flow=d:\086 local test ncode\metadata_export_01.flo /script=d:\086 local test ncode\metadata_export_01.script /verbose=yes /batlog=d:\086 local test ncode\metadata_export_01.log

nCode (R) Flow Processor Version 1.20
Copyright (C) Hottinger Bruel & Kjaer UK Ltd 2025. All rights reserved

Processing flow file d:\086 local test ncode\metadata_export_01.flo - all programs
Glyph 'WS1.TSInput1' successfully processed the command 'ClearFiles'
Glyph 'WS1.TSInput1' successfully processed the command 'AddFiles'

Program 0 [WS1] - 2 steps...
Program 0 OK

Ran 1 program 

--------------------------------------------------------------------------------

Program: flowproc V23.1 A01 Jul 11 2023
Started: 11:30:37 14-Feb-2025

Flowproc

Command Line: /flow=d:\086 local test ncode\metadata_export_01.flo /script=d:\086 local test ncode\metadata_export_01.script /verbose=yes /batlog=d:\086 local test ncode\metadata_export_01.log

nCode (R) Flow Processor Version 1.20
Copyright (C) Hottinger Bruel & Kjaer UK Ltd 2025. All rights reserved

Processing flow file d:\086 local test ncode\metadata_export_01.flo - all programs
Glyph 'WS1.TSInput1' successfully processed the command 'ClearFiles'
Glyph 'WS1.TSInput1' successfully processed the command 'AddFiles'

Program 0 [WS1] - 2 steps...
Program 0 OK

Ran 1 program 

--------------------------------------------------------------------------------

Program: flowproc V23.1 A01 Jul 11 2023
Started: 11:30:39 14-Feb-2025

Flowproc

Command Line: /flow=d:\086 local test ncode\metadata_export_01.flo /script=d:\086 local test ncode\metadata_export_01.script /verbose=yes /batlog=d:\086 local test ncode\metadata_export_01.log

nCode (R) Flow Processor Version 1.20
Copyright (C) Hottinger Bruel & Kjaer UK Ltd 2025. All rights reserved

Processing flow file d:\086 local test ncode\metadata_export_01.flo - all programs
Glyph 'WS1.TSInput1' successfully processed the command 'ClearFiles'
Glyph 'WS1.TSInput1' successfully processed the command 'AddFiles'

Program 0 [WS1] - 2 steps...
Program 0 OK

Ran 1 program 

--------------------------------------------------------------------------------

Program: flowproc V23.1 A01 Jul 11 2023
Started: 11:33:14 14-Feb-2025

Flowproc

Command Line: /flow=d:\086 local test ncode\metadata_export_01.flo /script=d:\086 local test ncode\metadata_export_01.script /verbose=yes /batlog=d:\086 local test ncode\metadata_export_01.log

nCode (R) Flow Processor Version 1.20
Copyright (C) Hottinger Bruel & Kjaer UK Ltd 2025. All rights reserved

Processing flow file d:\086 local test ncode\metadata_export_01.flo - all programs
Glyph 'WS1.TSInput1' successfully processed the command 'ClearFiles'
Glyph 'WS1.TSInput1' successfully processed the command 'AddFiles'

Program 0 [WS1] - 2 steps...
Program 0 OK

Ran 1 program 

--------------------------------------------------------------------------------

Program: flowproc V23.1 A01 Jul 11 2023
Started: 11:33:16 14-Feb-2025

Flowproc

Command Line: /flow=d:\086 local test ncode\metadata_export_01.flo /script=d:\086 local test ncode\metadata_export_01.script /verbose=yes /batlog=d:\086 local test ncode\metadata_export_01.log

nCode (R) Flow Processor Version 1.20
Copyright (C) Hottinger Bruel & Kjaer UK Ltd 2025. All rights reserved

Processing flow file d:\086 local test ncode\metadata_export_01.flo - all programs
Glyph 'WS1.TSInput1' successfully processed the command 'ClearFiles'
Glyph 'WS1.TSInput1' successfully processed the command 'AddFiles'

Program 0 [WS1] - 2 steps...
Program 0 OK

Ran 1 program 

--------------------------------------------------------------------------------

Program: flowproc V23.1 A01 Jul 11 2023
Started: 11:33:19 14-Feb-2025

Flowproc

Command Line: /flow=d:\086 local test ncode\metadata_export_01.flo /script=d:\086 local test ncode\metadata_export_01.script /verbose=yes /batlog=d:\086 local test ncode\metadata_export_01.log

nCode (R) Flow Processor Version 1.20
Copyright (C) Hottinger Bruel & Kjaer UK Ltd 2025. All rights reserved

Processing flow file d:\086 local test ncode\metadata_export_01.flo - all programs
Glyph 'WS1.TSInput1' successfully processed the command 'ClearFiles'
Glyph 'WS1.TSInput1' successfully processed the command 'AddFiles'

Program 0 [WS1] - 2 steps...
Program 0 OK

Ran 1 program 

--------------------------------------------------------------------------------

Program: flowproc V23.1 A01 Jul 11 2023
Started: 08:22:30 17-Feb-2025

Flowproc

Command Line: /flow=d:\086 local test ncode\metadata_export_01.flo /script=d:\086 local test ncode\metadata_export_01.script /verbose=yes /batlog=d:\086 local test ncode\metadata_export_01.log

nCode (R) Flow Processor Version 1.20
Copyright (C) Hottinger Bruel & Kjaer UK Ltd 2025. All rights reserved

Processing flow file d:\086 local test ncode\metadata_export_01.flo - all programs
Glyph 'WS1.TSInput1' successfully processed the command 'ClearFiles'
Glyph 'WS1.TSInput1' successfully processed the command 'AddFiles'

Program 0 [WS1] - 2 steps...
Program 0 OK

Ran 1 program 

--------------------------------------------------------------------------------

Program: flowproc V23.1 A01 Jul 11 2023
Started: 08:22:34 17-Feb-2025

Flowproc

Command Line: /flow=d:\086 local test ncode\metadata_export_01.flo /script=d:\086 local test ncode\metadata_export_01.script /verbose=yes /batlog=d:\086 local test ncode\metadata_export_01.log

nCode (R) Flow Processor Version 1.20
Copyright (C) Hottinger Bruel & Kjaer UK Ltd 2025. All rights reserved

Processing flow file d:\086 local test ncode\metadata_export_01.flo - all programs
Glyph 'WS1.TSInput1' successfully processed the command 'ClearFiles'
Glyph 'WS1.TSInput1' successfully processed the command 'AddFiles'

Program 0 [WS1] - 2 steps...
Program 0 OK

Ran 1 program 

--------------------------------------------------------------------------------

Program: flowproc V23.1 A01 Jul 11 2023
Started: 08:22:36 17-Feb-2025

Flowproc

Command Line: /flow=d:\086 local test ncode\metadata_export_01.flo /script=d:\086 local test ncode\metadata_export_01.script /verbose=yes /batlog=d:\086 local test ncode\metadata_export_01.log

nCode (R) Flow Processor Version 1.20
Copyright (C) Hottinger Bruel & Kjaer UK Ltd 2025. All rights reserved

Processing flow file d:\086 local test ncode\metadata_export_01.flo - all programs
Glyph 'WS1.TSInput1' successfully processed the command 'ClearFiles'
Glyph 'WS1.TSInput1' successfully processed the command 'AddFiles'

Program 0 [WS1] - 2 steps...
Program 0 OK

Ran 1 program 

--------------------------------------------------------------------------------

Program: flowproc V23.1 A01 Jul 11 2023
Started: 08:35:30 17-Feb-2025

Flowproc

Command Line: /flow=d:\086 local test ncode\metadata_export_01.flo /script=d:\086 local test ncode\metadata_export_01.script /verbose=yes /batlog=d:\086 local test ncode\metadata_export_01.log

nCode (R) Flow Processor Version 1.20
Copyright (C) Hottinger Bruel & Kjaer UK Ltd 2025. All rights reserved

Processing flow file d:\086 local test ncode\metadata_export_01.flo - all programs
Glyph 'WS1.TSInput1' successfully processed the command 'ClearFiles'
Glyph 'WS1.TSInput1' successfully processed the command 'AddFiles'

Program 0 [WS1] - 2 steps...
Program 0 OK

Ran 1 program 

--------------------------------------------------------------------------------

Program: flowproc V23.1 A01 Jul 11 2023
Started: 08:35:32 17-Feb-2025

Flowproc

Command Line: /flow=d:\086 local test ncode\metadata_export_01.flo /script=d:\086 local test ncode\metadata_export_01.script /verbose=yes /batlog=d:\086 local test ncode\metadata_export_01.log

nCode (R) Flow Processor Version 1.20
Copyright (C) Hottinger Bruel & Kjaer UK Ltd 2025. All rights reserved

Processing flow file d:\086 local test ncode\metadata_export_01.flo - all programs
Glyph 'WS1.TSInput1' successfully processed the command 'ClearFiles'
Glyph 'WS1.TSInput1' successfully processed the command 'AddFiles'

Program 0 [WS1] - 2 steps...
Program 0 OK

Ran 1 program 

--------------------------------------------------------------------------------

Program: flowproc V23.1 A01 Jul 11 2023
Started: 08:35:34 17-Feb-2025

Flowproc

Command Line: /flow=d:\086 local test ncode\metadata_export_01.flo /script=d:\086 local test ncode\metadata_export_01.script /verbose=yes /batlog=d:\086 local test ncode\metadata_export_01.log

nCode (R) Flow Processor Version 1.20
Copyright (C) Hottinger Bruel & Kjaer UK Ltd 2025. All rights reserved

Processing flow file d:\086 local test ncode\metadata_export_01.flo - all programs
Glyph 'WS1.TSInput1' successfully processed the command 'ClearFiles'
Glyph 'WS1.TSInput1' successfully processed the command 'AddFiles'

Program 0 [WS1] - 2 steps...
Program 0 OK

Ran 1 program 

--------------------------------------------------------------------------------

Program: flowproc V23.1 A01 Jul 11 2023
Started: 09:36:55 17-Feb-2025

Flowproc

Command Line: /flow=d:\086 local test ncode\metadata_export_01.flo /script=d:\086 local test ncode\metadata_export_01.script /verbose=yes /batlog=d:\086 local test ncode\metadata_export_01.log

nCode (R) Flow Processor Version 1.20
Copyright (C) Hottinger Bruel & Kjaer UK Ltd 2025. All rights reserved

Processing flow file d:\086 local test ncode\metadata_export_01.flo - all programs
Glyph 'WS1.TSInput1' successfully processed the command 'ClearFiles'
Glyph 'WS1.TSInput1' successfully processed the command 'AddFiles'

Program 0 [WS1] - 2 steps...
Program 0 OK

Ran 1 program 

--------------------------------------------------------------------------------

Program: flowproc V23.1 A01 Jul 11 2023
Started: 09:36:57 17-Feb-2025

Flowproc

Command Line: /flow=d:\086 local test ncode\metadata_export_01.flo /script=d:\086 local test ncode\metadata_export_01.script /verbose=yes /batlog=d:\086 local test ncode\metadata_export_01.log

nCode (R) Flow Processor Version 1.20
Copyright (C) Hottinger Bruel & Kjaer UK Ltd 2025. All rights reserved

Processing flow file d:\086 local test ncode\metadata_export_01.flo - all programs
Glyph 'WS1.TSInput1' successfully processed the command 'ClearFiles'
Glyph 'WS1.TSInput1' successfully processed the command 'AddFiles'

Program 0 [WS1] - 2 steps...
Program 0 OK

Ran 1 program 

--------------------------------------------------------------------------------

Program: flowproc V23.1 A01 Jul 11 2023
Started: 09:36:59 17-Feb-2025

Flowproc

Command Line: /flow=d:\086 local test ncode\metadata_export_01.flo /script=d:\086 local test ncode\metadata_export_01.script /verbose=yes /batlog=d:\086 local test ncode\metadata_export_01.log

nCode (R) Flow Processor Version 1.20
Copyright (C) Hottinger Bruel & Kjaer UK Ltd 2025. All rights reserved

Processing flow file d:\086 local test ncode\metadata_export_01.flo - all programs
Glyph 'WS1.TSInput1' successfully processed the command 'ClearFiles'
Glyph 'WS1.TSInput1' successfully processed the command 'AddFiles'

Program 0 [WS1] - 2 steps...
Program 0 OK

Ran 1 program 

--------------------------------------------------------------------------------

Program: flowproc V23.1 A01 Jul 11 2023
Started: 10:33:27 17-Feb-2025

Flowproc

Command Line: /flow=d:\086 local test ncode\metadata_export_01.flo /script=d:\086 local test ncode\metadata_export_01.script /verbose=yes /batlog=d:\086 local test ncode\metadata_export_01.log

nCode (R) Flow Processor Version 1.20
Copyright (C) Hottinger Bruel & Kjaer UK Ltd 2025. All rights reserved

Processing flow file d:\086 local test ncode\metadata_export_01.flo - all programs
Glyph 'WS1.TSInput1' successfully processed the command 'ClearFiles'
Glyph 'WS1.TSInput1' successfully processed the command 'AddFiles'

Program 0 [WS1] - 2 steps...
Program 0 OK

Ran 1 program 

--------------------------------------------------------------------------------

Program: flowproc V23.1 A01 Jul 11 2023
Started: 10:33:30 17-Feb-2025

Flowproc

Command Line: /flow=d:\086 local test ncode\metadata_export_01.flo /script=d:\086 local test ncode\metadata_export_01.script /verbose=yes /batlog=d:\086 local test ncode\metadata_export_01.log

nCode (R) Flow Processor Version 1.20
Copyright (C) Hottinger Bruel & Kjaer UK Ltd 2025. All rights reserved

Processing flow file d:\086 local test ncode\metadata_export_01.flo - all programs
Glyph 'WS1.TSInput1' successfully processed the command 'ClearFiles'
Glyph 'WS1.TSInput1' successfully processed the command 'AddFiles'

Program 0 [WS1] - 2 steps...
Program 0 OK

Ran 1 program 

--------------------------------------------------------------------------------

Program: flowproc V23.1 A01 Jul 11 2023
Started: 10:33:32 17-Feb-2025

Flowproc

Command Line: /flow=d:\086 local test ncode\metadata_export_01.flo /script=d:\086 local test ncode\metadata_export_01.script /verbose=yes /batlog=d:\086 local test ncode\metadata_export_01.log

nCode (R) Flow Processor Version 1.20
Copyright (C) Hottinger Bruel & Kjaer UK Ltd 2025. All rights reserved

Processing flow file d:\086 local test ncode\metadata_export_01.flo - all programs
Glyph 'WS1.TSInput1' successfully processed the command 'ClearFiles'
Glyph 'WS1.TSInput1' successfully processed the command 'AddFiles'

Program 0 [WS1] - 2 steps...
Program 0 OK

Ran 1 program 

--------------------------------------------------------------------------------

Program: flowproc V23.1 A01 Jul 11 2023
Started: 12:27:11 17-Feb-2025

Flowproc

Command Line: /flow=d:\086 local test ncode\metadata_export_01.flo /script=d:\086 local test ncode\metadata_export_01.script /verbose=yes /batlog=d:\086 local test ncode\metadata_export_01.log

nCode (R) Flow Processor Version 1.20
Copyright (C) Hottinger Bruel & Kjaer UK Ltd 2025. All rights reserved

Processing flow file d:\086 local test ncode\metadata_export_01.flo - all programs
Glyph 'WS1.TSInput1' successfully processed the command 'ClearFiles'
Glyph 'WS1.TSInput1' successfully processed the command 'AddFiles'

Program 0 [WS1] - 2 steps...
Program 0 OK

Ran 1 program 

--------------------------------------------------------------------------------

Program: flowproc V23.1 A01 Jul 11 2023
Started: 12:27:13 17-Feb-2025

Flowproc

Command Line: /flow=d:\086 local test ncode\metadata_export_01.flo /script=d:\086 local test ncode\metadata_export_01.script /verbose=yes /batlog=d:\086 local test ncode\metadata_export_01.log

nCode (R) Flow Processor Version 1.20
Copyright (C) Hottinger Bruel & Kjaer UK Ltd 2025. All rights reserved

Processing flow file d:\086 local test ncode\metadata_export_01.flo - all programs
Glyph 'WS1.TSInput1' successfully processed the command 'ClearFiles'
Glyph 'WS1.TSInput1' successfully processed the command 'AddFiles'

Program 0 [WS1] - 2 steps...
Program 0 OK

Ran 1 program 

--------------------------------------------------------------------------------

Program: flowproc V23.1 A01 Jul 11 2023
Started: 12:27:15 17-Feb-2025

Flowproc

Command Line: /flow=d:\086 local test ncode\metadata_export_01.flo /script=d:\086 local test ncode\metadata_export_01.script /verbose=yes /batlog=d:\086 local test ncode\metadata_export_01.log

nCode (R) Flow Processor Version 1.20
Copyright (C) Hottinger Bruel & Kjaer UK Ltd 2025. All rights reserved

Processing flow file d:\086 local test ncode\metadata_export_01.flo - all programs
Glyph 'WS1.TSInput1' successfully processed the command 'ClearFiles'
Glyph 'WS1.TSInput1' successfully processed the command 'AddFiles'

Program 0 [WS1] - 2 steps...
Program 0 OK

Ran 1 program 

--------------------------------------------------------------------------------

Program: flowproc V23.1 A01 Jul 11 2023
Started: 11:16:35 18-Feb-2025

Flowproc

Command Line: /flow=d:\086 local test ncode\metadata_export_01.flo /script=d:\086 local test ncode\metadata_export_01.script /verbose=yes /batlog=d:\086 local test ncode\metadata_export_01.log

nCode (R) Flow Processor Version 1.20
Copyright (C) Hottinger Bruel & Kjaer UK Ltd 2025. All rights reserved

Processing flow file d:\086 local test ncode\metadata_export_01.flo - all programs
Glyph 'WS1.TSInput1' successfully processed the command 'ClearFiles'
Glyph 'WS1.TSInput1' successfully processed the command 'AddFiles'

Program 0 [WS1] - 2 steps...
Program 0 OK

Ran 1 program 

--------------------------------------------------------------------------------

Program: flowproc V23.1 A01 Jul 11 2023
Started: 11:16:38 18-Feb-2025

Flowproc

Command Line: /flow=d:\086 local test ncode\metadata_export_01.flo /script=d:\086 local test ncode\metadata_export_01.script /verbose=yes /batlog=d:\086 local test ncode\metadata_export_01.log

nCode (R) Flow Processor Version 1.20
Copyright (C) Hottinger Bruel & Kjaer UK Ltd 2025. All rights reserved

Processing flow file d:\086 local test ncode\metadata_export_01.flo - all programs
Glyph 'WS1.TSInput1' successfully processed the command 'ClearFiles'
Glyph 'WS1.TSInput1' successfully processed the command 'AddFiles'

Program 0 [WS1] - 2 steps...
Program 0 OK

Ran 1 program 

--------------------------------------------------------------------------------

Program: flowproc V23.1 A01 Jul 11 2023
Started: 11:16:40 18-Feb-2025

Flowproc

Command Line: /flow=d:\086 local test ncode\metadata_export_01.flo /script=d:\086 local test ncode\metadata_export_01.script /verbose=yes /batlog=d:\086 local test ncode\metadata_export_01.log

nCode (R) Flow Processor Version 1.20
Copyright (C) Hottinger Bruel & Kjaer UK Ltd 2025. All rights reserved

Processing flow file d:\086 local test ncode\metadata_export_01.flo - all programs
Glyph 'WS1.TSInput1' successfully processed the command 'ClearFiles'
Glyph 'WS1.TSInput1' successfully processed the command 'AddFiles'

Program 0 [WS1] - 2 steps...
Program 0 OK

Ran 1 program 

--------------------------------------------------------------------------------

Program: flowproc V23.1 A01 Jul 11 2023
Started: 11:31:50 18-Feb-2025

Flowproc

Command Line: /flow=d:\086 local test ncode\metadata_export_01.flo /script=d:\086 local test ncode\metadata_export_01.script /verbose=yes /batlog=d:\086 local test ncode\metadata_export_01.log

nCode (R) Flow Processor Version 1.20
Copyright (C) Hottinger Bruel & Kjaer UK Ltd 2025. All rights reserved

Processing flow file d:\086 local test ncode\metadata_export_01.flo - all programs
Glyph 'WS1.TSInput1' successfully processed the command 'ClearFiles'
Glyph 'WS1.TSInput1' successfully processed the command 'AddFiles'

Program 0 [WS1] - 2 steps...
Program 0 OK

Ran 1 program 

--------------------------------------------------------------------------------

Program: flowproc V23.1 A01 Jul 11 2023
Started: 11:31:52 18-Feb-2025

Flowproc

Command Line: /flow=d:\086 local test ncode\metadata_export_01.flo /script=d:\086 local test ncode\metadata_export_01.script /verbose=yes /batlog=d:\086 local test ncode\metadata_export_01.log

nCode (R) Flow Processor Version 1.20
Copyright (C) Hottinger Bruel & Kjaer UK Ltd 2025. All rights reserved

Processing flow file d:\086 local test ncode\metadata_export_01.flo - all programs
Glyph 'WS1.TSInput1' successfully processed the command 'ClearFiles'
Glyph 'WS1.TSInput1' successfully processed the command 'AddFiles'

Program 0 [WS1] - 2 steps...
Program 0 OK

Ran 1 program 

--------------------------------------------------------------------------------

Program: flowproc V23.1 A01 Jul 11 2023
Started: 11:31:54 18-Feb-2025

Flowproc

Command Line: /flow=d:\086 local test ncode\metadata_export_01.flo /script=d:\086 local test ncode\metadata_export_01.script /verbose=yes /batlog=d:\086 local test ncode\metadata_export_01.log

nCode (R) Flow Processor Version 1.20
Copyright (C) Hottinger Bruel & Kjaer UK Ltd 2025. All rights reserved

Processing flow file d:\086 local test ncode\metadata_export_01.flo - all programs
Glyph 'WS1.TSInput1' successfully processed the command 'ClearFiles'
Glyph 'WS1.TSInput1' successfully processed the command 'AddFiles'

Program 0 [WS1] - 2 steps...
Program 0 OK

Ran 1 program 

--------------------------------------------------------------------------------

Program: flowproc V23.1 A01 Jul 11 2023
Started: 11:36:17 18-Feb-2025

Flowproc

Command Line: /flow=d:\086 local test ncode\metadata_export_01.flo /script=d:\086 local test ncode\metadata_export_01.script /verbose=yes /batlog=d:\086 local test ncode\metadata_export_01.log

nCode (R) Flow Processor Version 1.20
Copyright (C) Hottinger Bruel & Kjaer UK Ltd 2025. All rights reserved

Processing flow file d:\086 local test ncode\metadata_export_01.flo - all programs
Glyph 'WS1.TSInput1' successfully processed the command 'ClearFiles'
Glyph 'WS1.TSInput1' successfully processed the command 'AddFiles'

Program 0 [WS1] - 2 steps...
Program 0 OK

Ran 1 program 

--------------------------------------------------------------------------------

Program: flowproc V23.1 A01 Jul 11 2023
Started: 11:36:19 18-Feb-2025

Flowproc

Command Line: /flow=d:\086 local test ncode\metadata_export_01.flo /script=d:\086 local test ncode\metadata_export_01.script /verbose=yes /batlog=d:\086 local test ncode\metadata_export_01.log

nCode (R) Flow Processor Version 1.20
Copyright (C) Hottinger Bruel & Kjaer UK Ltd 2025. All rights reserved

Processing flow file d:\086 local test ncode\metadata_export_01.flo - all programs
Glyph 'WS1.TSInput1' successfully processed the command 'ClearFiles'
Glyph 'WS1.TSInput1' successfully processed the command 'AddFiles'

Program 0 [WS1] - 2 steps...
Program 0 OK

Ran 1 program 

--------------------------------------------------------------------------------

Program: flowproc V23.1 A01 Jul 11 2023
Started: 11:36:21 18-Feb-2025

Flowproc

Command Line: /flow=d:\086 local test ncode\metadata_export_01.flo /script=d:\086 local test ncode\metadata_export_01.script /verbose=yes /batlog=d:\086 local test ncode\metadata_export_01.log

nCode (R) Flow Processor Version 1.20
Copyright (C) Hottinger Bruel & Kjaer UK Ltd 2025. All rights reserved

Processing flow file d:\086 local test ncode\metadata_export_01.flo - all programs
Glyph 'WS1.TSInput1' successfully processed the command 'ClearFiles'
Glyph 'WS1.TSInput1' successfully processed the command 'AddFiles'

Program 0 [WS1] - 2 steps...
Program 0 OK

Ran 1 program 

--------------------------------------------------------------------------------

Program: flowproc V23.1 A01 Jul 11 2023
Started: 11:39:03 18-Feb-2025

Flowproc

Command Line: /flow=d:\086 local test ncode\metadata_export_01.flo /script=d:\086 local test ncode\metadata_export_01.script /verbose=yes /batlog=d:\086 local test ncode\metadata_export_01.log

nCode (R) Flow Processor Version 1.20
Copyright (C) Hottinger Bruel & Kjaer UK Ltd 2025. All rights reserved

Processing flow file d:\086 local test ncode\metadata_export_01.flo - all programs
Glyph 'WS1.TSInput1' successfully processed the command 'ClearFiles'
Glyph 'WS1.TSInput1' successfully processed the command 'AddFiles'

Program 0 [WS1] - 2 steps...
Program 0 OK

Ran 1 program 

--------------------------------------------------------------------------------

Program: flowproc V23.1 A01 Jul 11 2023
Started: 11:39:05 18-Feb-2025

Flowproc

Command Line: /flow=d:\086 local test ncode\metadata_export_01.flo /script=d:\086 local test ncode\metadata_export_01.script /verbose=yes /batlog=d:\086 local test ncode\metadata_export_01.log

nCode (R) Flow Processor Version 1.20
Copyright (C) Hottinger Bruel & Kjaer UK Ltd 2025. All rights reserved

Processing flow file d:\086 local test ncode\metadata_export_01.flo - all programs
Glyph 'WS1.TSInput1' successfully processed the command 'ClearFiles'
Glyph 'WS1.TSInput1' successfully processed the command 'AddFiles'

Program 0 [WS1] - 2 steps...
Program 0 OK

Ran 1 program 

--------------------------------------------------------------------------------

Program: flowproc V23.1 A01 Jul 11 2023
Started: 11:39:07 18-Feb-2025

Flowproc

Command Line: /flow=d:\086 local test ncode\metadata_export_01.flo /script=d:\086 local test ncode\metadata_export_01.script /verbose=yes /batlog=d:\086 local test ncode\metadata_export_01.log

nCode (R) Flow Processor Version 1.20
Copyright (C) Hottinger Bruel & Kjaer UK Ltd 2025. All rights reserved

Processing flow file d:\086 local test ncode\metadata_export_01.flo - all programs
Glyph 'WS1.TSInput1' successfully processed the command 'ClearFiles'
Glyph 'WS1.TSInput1' successfully processed the command 'AddFiles'

Program 0 [WS1] - 2 steps...
Program 0 OK

Ran 1 program 

--------------------------------------------------------------------------------

Program: flowproc V23.1 A01 Jul 11 2023
Started: 13:34:12 18-Feb-2025

Flowproc

Command Line: /flow=d:\086 local test ncode\metadata_export_01.flo /script=d:\086 local test ncode\metadata_export_01.script /verbose=yes /batlog=d:\086 local test ncode\metadata_export_01.log

nCode (R) Flow Processor Version 1.20
Copyright (C) Hottinger Bruel & Kjaer UK Ltd 2025. All rights reserved

Processing flow file d:\086 local test ncode\metadata_export_01.flo - all programs
Glyph 'WS1.TSInput1' successfully processed the command 'ClearFiles'
Glyph 'WS1.TSInput1' successfully processed the command 'AddFiles'

Program 0 [WS1] - 2 steps...
Glyph error from glyph : MetaDataOutput2
Error Code : -1179857, Message: Overwrite = ask is not permitted when running from flowproc 

Program 0 runtime ERROR

Ran 0 programs
Encountered 1 runtime error 
 ** Error 30 (Error running flow)

--------------------------------------------------------------------------------

Program: flowproc V23.1 A01 Jul 11 2023
Started: 13:34:14 18-Feb-2025

Flowproc

Command Line: /flow=d:\086 local test ncode\metadata_export_01.flo /script=d:\086 local test ncode\metadata_export_01.script /verbose=yes /batlog=d:\086 local test ncode\metadata_export_01.log

nCode (R) Flow Processor Version 1.20
Copyright (C) Hottinger Bruel & Kjaer UK Ltd 2025. All rights reserved

Processing flow file d:\086 local test ncode\metadata_export_01.flo - all programs
Glyph 'WS1.TSInput1' successfully processed the command 'ClearFiles'
Glyph 'WS1.TSInput1' successfully processed the command 'AddFiles'

Program 0 [WS1] - 2 steps...
Glyph error from glyph : MetaDataOutput2
Error Code : -1179857, Message: Overwrite = ask is not permitted when running from flowproc 

Program 0 runtime ERROR

Ran 0 programs
Encountered 1 runtime error 
 ** Error 30 (Error running flow)

--------------------------------------------------------------------------------

Program: flowproc V23.1 A01 Jul 11 2023
Started: 13:34:16 18-Feb-2025

Flowproc

Command Line: /flow=d:\086 local test ncode\metadata_export_01.flo /script=d:\086 local test ncode\metadata_export_01.script /verbose=yes /batlog=d:\086 local test ncode\metadata_export_01.log

nCode (R) Flow Processor Version 1.20
Copyright (C) Hottinger Bruel & Kjaer UK Ltd 2025. All rights reserved

Processing flow file d:\086 local test ncode\metadata_export_01.flo - all programs
Glyph 'WS1.TSInput1' successfully processed the command 'ClearFiles'
Glyph 'WS1.TSInput1' successfully processed the command 'AddFiles'

Program 0 [WS1] - 2 steps...
Glyph error from glyph : MetaDataOutput2
Error Code : -1179857, Message: Overwrite = ask is not permitted when running from flowproc 

Program 0 runtime ERROR

Ran 0 programs
Encountered 1 runtime error 
 ** Error 30 (Error running flow)

--------------------------------------------------------------------------------

Program: flowproc V23.1 A01 Jul 11 2023
Started: 14:07:19 18-Feb-2025

Flowproc

Command Line: /flow=d:\086 local test ncode\metadata_export_01.flo /script=d:\086 local test ncode\metadata_export_01.script /verbose=yes /batlog=d:\086 local test ncode\metadata_export_01.log

nCode (R) Flow Processor Version 1.20
Copyright (C) Hottinger Bruel & Kjaer UK Ltd 2025. All rights reserved

Processing flow file d:\086 local test ncode\metadata_export_01.flo - all programs
Glyph 'WS1.TSInput1' successfully processed the command 'ClearFiles'
Glyph 'WS1.TSInput1' successfully processed the command 'AddFiles'

Program 0 [WS1] - 2 steps...
Program 0 OK

Ran 1 program 

--------------------------------------------------------------------------------

Program: flowproc V23.1 A01 Jul 11 2023
Started: 14:07:22 18-Feb-2025

Flowproc

Command Line: /flow=d:\086 local test ncode\metadata_export_01.flo /script=d:\086 local test ncode\metadata_export_01.script /verbose=yes /batlog=d:\086 local test ncode\metadata_export_01.log

nCode (R) Flow Processor Version 1.20
Copyright (C) Hottinger Bruel & Kjaer UK Ltd 2025. All rights reserved

Processing flow file d:\086 local test ncode\metadata_export_01.flo - all programs
Glyph 'WS1.TSInput1' successfully processed the command 'ClearFiles'
Glyph 'WS1.TSInput1' successfully processed the command 'AddFiles'

Program 0 [WS1] - 2 steps...
Program 0 OK

Ran 1 program 

--------------------------------------------------------------------------------

Program: flowproc V23.1 A01 Jul 11 2023
Started: 14:07:24 18-Feb-2025

Flowproc

Command Line: /flow=d:\086 local test ncode\metadata_export_01.flo /script=d:\086 local test ncode\metadata_export_01.script /verbose=yes /batlog=d:\086 local test ncode\metadata_export_01.log

nCode (R) Flow Processor Version 1.20
Copyright (C) Hottinger Bruel & Kjaer UK Ltd 2025. All rights reserved

Processing flow file d:\086 local test ncode\metadata_export_01.flo - all programs
Glyph 'WS1.TSInput1' successfully processed the command 'ClearFiles'
Glyph 'WS1.TSInput1' successfully processed the command 'AddFiles'

Program 0 [WS1] - 2 steps...
Program 0 OK

Ran 1 program 

--------------------------------------------------------------------------------

Program: flowproc V23.1 A01 Jul 11 2023
Started: 14:10:44 18-Feb-2025

Flowproc

Command Line: /flow=d:\086 local test ncode\metadata_export_01.flo /script=d:\086 local test ncode\metadata_export_01.script /verbose=yes /batlog=d:\086 local test ncode\metadata_export_01.log

nCode (R) Flow Processor Version 1.20
Copyright (C) Hottinger Bruel & Kjaer UK Ltd 2025. All rights reserved

Processing flow file d:\086 local test ncode\metadata_export_01.flo - all programs
Glyph 'WS1.TSInput1' successfully processed the command 'ClearFiles'
Glyph 'WS1.TSInput1' successfully processed the command 'AddFiles'

Program 0 [WS1] - 2 steps...
Program 0 OK

Ran 1 program 

--------------------------------------------------------------------------------

Program: flowproc V23.1 A01 Jul 11 2023
Started: 14:10:46 18-Feb-2025

Flowproc

Command Line: /flow=d:\086 local test ncode\metadata_export_01.flo /script=d:\086 local test ncode\metadata_export_01.script /verbose=yes /batlog=d:\086 local test ncode\metadata_export_01.log

nCode (R) Flow Processor Version 1.20
Copyright (C) Hottinger Bruel & Kjaer UK Ltd 2025. All rights reserved

Processing flow file d:\086 local test ncode\metadata_export_01.flo - all programs
Glyph 'WS1.TSInput1' successfully processed the command 'ClearFiles'
Glyph 'WS1.TSInput1' successfully processed the command 'AddFiles'

Program 0 [WS1] - 2 steps...
Program 0 OK

Ran 1 program 

--------------------------------------------------------------------------------

Program: flowproc V23.1 A01 Jul 11 2023
Started: 14:10:48 18-Feb-2025

Flowproc

Command Line: /flow=d:\086 local test ncode\metadata_export_01.flo /script=d:\086 local test ncode\metadata_export_01.script /verbose=yes /batlog=d:\086 local test ncode\metadata_export_01.log

nCode (R) Flow Processor Version 1.20
Copyright (C) Hottinger Bruel & Kjaer UK Ltd 2025. All rights reserved

Processing flow file d:\086 local test ncode\metadata_export_01.flo - all programs
Glyph 'WS1.TSInput1' successfully processed the command 'ClearFiles'
Glyph 'WS1.TSInput1' successfully processed the command 'AddFiles'

Program 0 [WS1] - 2 steps...
Program 0 OK

Ran 1 program 

--------------------------------------------------------------------------------

Program: flowproc V23.1 A01 Jul 11 2023
Started: 14:14:36 18-Feb-2025

Flowproc

Command Line: /flow=d:\086 local test ncode\metadata_export_01.flo /script=d:\086 local test ncode\metadata_export_01.script /verbose=yes /batlog=d:\086 local test ncode\metadata_export_01.log

nCode (R) Flow Processor Version 1.20
Copyright (C) Hottinger Bruel & Kjaer UK Ltd 2025. All rights reserved

Processing flow file d:\086 local test ncode\metadata_export_01.flo - all programs
Glyph 'WS1.TSInput1' successfully processed the command 'ClearFiles'
Glyph 'WS1.TSInput1' successfully processed the command 'AddFiles'

Program 0 [WS1] - 2 steps...
Program 0 OK

Ran 1 program 

--------------------------------------------------------------------------------

Program: flowproc V23.1 A01 Jul 11 2023
Started: 14:14:38 18-Feb-2025

Flowproc

Command Line: /flow=d:\086 local test ncode\metadata_export_01.flo /script=d:\086 local test ncode\metadata_export_01.script /verbose=yes /batlog=d:\086 local test ncode\metadata_export_01.log

nCode (R) Flow Processor Version 1.20
Copyright (C) Hottinger Bruel & Kjaer UK Ltd 2025. All rights reserved

Processing flow file d:\086 local test ncode\metadata_export_01.flo - all programs
Glyph 'WS1.TSInput1' successfully processed the command 'ClearFiles'
Glyph 'WS1.TSInput1' successfully processed the command 'AddFiles'

Program 0 [WS1] - 2 steps...
Program 0 OK

Ran 1 program 

--------------------------------------------------------------------------------

Program: flowproc V23.1 A01 Jul 11 2023
Started: 14:14:40 18-Feb-2025

Flowproc

Command Line: /flow=d:\086 local test ncode\metadata_export_01.flo /script=d:\086 local test ncode\metadata_export_01.script /verbose=yes /batlog=d:\086 local test ncode\metadata_export_01.log

nCode (R) Flow Processor Version 1.20
Copyright (C) Hottinger Bruel & Kjaer UK Ltd 2025. All rights reserved

Processing flow file d:\086 local test ncode\metadata_export_01.flo - all programs
Glyph 'WS1.TSInput1' successfully processed the command 'ClearFiles'
Glyph 'WS1.TSInput1' successfully processed the command 'AddFiles'

Program 0 [WS1] - 2 steps...
Program 0 OK

Ran 1 program 

--------------------------------------------------------------------------------

Program: flowproc V23.1 A01 Jul 11 2023
Started: 14:16:08 18-Feb-2025

Flowproc

Command Line: /flow=d:\086 local test ncode\metadata_export_01.flo /script=d:\086 local test ncode\metadata_export_01.script /verbose=yes /batlog=d:\086 local test ncode\metadata_export_01.log

nCode (R) Flow Processor Version 1.20
Copyright (C) Hottinger Bruel & Kjaer UK Ltd 2025. All rights reserved

Processing flow file d:\086 local test ncode\metadata_export_01.flo - all programs
Glyph 'WS1.TSInput1' successfully processed the command 'ClearFiles'
Glyph 'WS1.TSInput1' successfully processed the command 'AddFiles'

Program 0 [WS1] - 2 steps...
Program 0 OK

Ran 1 program 

--------------------------------------------------------------------------------

Program: flowproc V23.1 A01 Jul 11 2023
Started: 14:16:10 18-Feb-2025

Flowproc

Command Line: /flow=d:\086 local test ncode\metadata_export_01.flo /script=d:\086 local test ncode\metadata_export_01.script /verbose=yes /batlog=d:\086 local test ncode\metadata_export_01.log

nCode (R) Flow Processor Version 1.20
Copyright (C) Hottinger Bruel & Kjaer UK Ltd 2025. All rights reserved

Processing flow file d:\086 local test ncode\metadata_export_01.flo - all programs
Glyph 'WS1.TSInput1' successfully processed the command 'ClearFiles'
Glyph 'WS1.TSInput1' successfully processed the command 'AddFiles'

Program 0 [WS1] - 2 steps...
Program 0 OK

Ran 1 program 

--------------------------------------------------------------------------------

Program: flowproc V23.1 A01 Jul 11 2023
Started: 14:16:12 18-Feb-2025

Flowproc

Command Line: /flow=d:\086 local test ncode\metadata_export_01.flo /script=d:\086 local test ncode\metadata_export_01.script /verbose=yes /batlog=d:\086 local test ncode\metadata_export_01.log

nCode (R) Flow Processor Version 1.20
Copyright (C) Hottinger Bruel & Kjaer UK Ltd 2025. All rights reserved

Processing flow file d:\086 local test ncode\metadata_export_01.flo - all programs
Glyph 'WS1.TSInput1' successfully processed the command 'ClearFiles'
Glyph 'WS1.TSInput1' successfully processed the command 'AddFiles'

Program 0 [WS1] - 2 steps...
Program 0 OK

Ran 1 program 
